<?xml version="1.0" encoding="UTF-8"?>
<!-- Generated by org.testng.reporters.JUnitReportReporter -->
<testsuite hostname="ANIL" failures="0" tests="3" name="TESTNG.test" time="20.500" errors="0" timestamp="2024-02-25T19:21:20 IST" skipped="2">
  <testcase classname="TESTNG.test" name="popup" time="20.500"/>
  <system-out/>
  <testcase classname="TESTNG.test" name="readdata">
    <skipped/>
  </testcase> <!-- readdata -->
  <system-out/>
  <testcase classname="TESTNG.test" name="login">
    <skipped/>
  </testcase> <!-- login -->
  <system-out/>
</testsuite> <!-- TESTNG.test -->
