<?xml version="1.0" encoding="UTF-8"?>
<!-- Generated by org.testng.reporters.JUnitReportReporter -->
<testsuite hostname="ANIL" failures="0" tests="7" name="newproject1.test" time="21.487" errors="0" timestamp="2024-03-08T15:49:45 IST" skipped="6">
  <testcase classname="newproject1.test" name="popups" time="21.487"/>
  <system-out/>
  <testcase classname="newproject1.test" name="exceldata">
    <skipped/>
  </testcase> <!-- exceldata -->
  <system-out/>
  <testcase classname="newproject1.test" name="vaits">
    <skipped/>
  </testcase> <!-- vaits -->
  <system-out/>
  <testcase classname="newproject1.test" name="getalllink">
    <skipped/>
  </testcase> <!-- getalllink -->
  <system-out/>
  <testcase classname="newproject1.test" name="page">
    <skipped/>
  </testcase> <!-- page -->
  <system-out/>
  <testcase classname="newproject1.test" name="dropdown">
    <skipped/>
  </testcase> <!-- dropdown -->
  <system-out/>
  <testcase classname="newproject1.test" name="iframe">
    <skipped/>
  </testcase> <!-- iframe -->
  <system-out/>
</testsuite> <!-- newproject1.test -->
